Mon Feb 23 09:26:44 EET 2026 Thread[AWT-EventQueue-0,6,main] Cleanup action starting
ERROR XBM0J: Directory C:\Users\User.B-23-103-24\Downloads\PD1_Stankevics_27\QuizDB already exists.
	at org.apache.derby.commons/org.apache.derby.shared.common.error.StandardException.newException(StandardException.java:300)
	at org.apache.derby.commons/org.apache.derby.shared.common.error.StandardException.newException(StandardException.java:295)
	at org.apache.derby.engine/org.apache.derby.impl.services.monitor.StorageFactoryService$10.run(StorageFactoryService.java:822)
	at java.base/java.security.AccessController.doPrivileged(AccessController.java:569)
	at org.apache.derby.engine/org.apache.derby.impl.services.monitor.StorageFactoryService.createServiceRoot(StorageFactoryService.java:798)
	at org.apache.derby.engine/org.apache.derby.impl.services.monitor.BaseMonitor.bootService(BaseMonitor.java:1754)
	at org.apache.derby.engine/org.apache.derby.impl.services.monitor.BaseMonitor.createPersistentService(BaseMonitor.java:1022)
	at org.apache.derby.engine/org.apache.derby.impl.services.monitor.FileMonitor.createPersistentService(FileMonitor.java:48)
	at org.apache.derby.engine/org.apache.derby.iapi.services.monitor.Monitor.createPersistentService(Monitor.java:650)
	at org.apache.derby.engine/org.apache.derby.impl.jdbc.EmbedConnection$5.run(EmbedConnection.java:4067)
	at java.base/java.security.AccessController.doPrivileged(AccessController.java:569)
	at org.apache.derby.engine/org.apache.derby.impl.jdbc.EmbedConnection.createPersistentService(EmbedConnection.java:4061)
	at org.apache.derby.engine/org.apache.derby.impl.jdbc.EmbedConnection.createDatabase(EmbedConnection.java:2654)
	at org.apache.derby.engine/org.apache.derby.impl.jdbc.EmbedConnection.<init>(EmbedConnection.java:435)
	at org.apache.derby.engine/org.apache.derby.iapi.jdbc.InternalDriver$1.run(InternalDriver.java:660)
	at org.apache.derby.engine/org.apache.derby.iapi.jdbc.InternalDriver$1.run(InternalDriver.java:656)
	at java.base/java.security.AccessController.doPrivileged(AccessController.java:569)
	at org.apache.derby.engine/org.apache.derby.iapi.jdbc.InternalDriver.getNewEmbedConnection(InternalDriver.java:654)
	at org.apache.derby.engine/org.apache.derby.iapi.jdbc.InternalDriver.connect(InternalDriver.java:300)
	at org.apache.derby.engine/org.apache.derby.iapi.jdbc.InternalDriver.connect(InternalDriver.java:967)
	at org.apache.derby.engine/org.apache.derby.iapi.jdbc.AutoloadedDriver.connect(AutoloadedDriver.java:136)
	at java.sql/java.sql.DriverManager.getConnection(DriverManager.java:681)
	at java.sql/java.sql.DriverManager.getConnection(DriverManager.java:190)
	at pd1_stankevics_27.Interface.connectToDatabase(Interface.java:96)
	at pd1_stankevics_27.Interface.<init>(Interface.java:32)
	at pd1_stankevics_27.PD1_Stankevics_27.lambda$main$0(PD1_Stankevics_27.java:6)
	at java.desktop/java.awt.event.InvocationEvent.dispatch(InvocationEvent.java:318)
	at java.desktop/java.awt.EventQueue.dispatchEventImpl(EventQueue.java:771)
	at java.desktop/java.awt.EventQueue$4.run(EventQueue.java:722)
	at java.desktop/java.awt.EventQueue$4.run(EventQueue.java:716)
	at java.base/java.security.AccessController.doPrivileged(AccessController.java:399)
	at java.base/java.security.ProtectionDomain$JavaSecurityAccessImpl.doIntersectionPrivilege(ProtectionDomain.java:86)
	at java.desktop/java.awt.EventQueue.dispatchEvent(EventQueue.java:741)
	at java.desktop/java.awt.EventDispatchThread.pumpOneEventForFilters(EventDispatchThread.java:203)
	at java.desktop/java.awt.EventDispatchThread.pumpEventsForFilter(EventDispatchThread.java:124)
	at java.desktop/java.awt.EventDispatchThread.pumpEventsForHierarchy(EventDispatchThread.java:113)
	at java.desktop/java.awt.EventDispatchThread.pumpEvents(EventDispatchThread.java:109)
	at java.desktop/java.awt.EventDispatchThread.pumpEvents(EventDispatchThread.java:101)
	at java.desktop/java.awt.EventDispatchThread.run(EventDispatchThread.java:90)
Cleanup action completed
Mon Feb 23 09:26:44 EET 2026 Thread[AWT-EventQueue-0,6,main] Cleanup action starting
java.sql.SQLException: Failed to create database 'QuizDB', see the next exception for details.
	at org.apache.derby.engine/org.apache.derby.impl.jdbc.SQLExceptionFactory.getSQLException(SQLExceptionFactory.java:115)
	at org.apache.derby.engine/org.apache.derby.impl.jdbc.SQLExceptionFactory.getSQLException(SQLExceptionFactory.java:141)
	at org.apache.derby.engine/org.apache.derby.impl.jdbc.Util.seeNextException(Util.java:252)
	at org.apache.derby.engine/org.apache.derby.impl.jdbc.EmbedConnection.createDatabase(EmbedConnection.java:2661)
	at org.apache.derby.engine/org.apache.derby.impl.jdbc.EmbedConnection.<init>(EmbedConnection.java:435)
	at org.apache.derby.engine/org.apache.derby.iapi.jdbc.InternalDriver$1.run(InternalDriver.java:660)
	at org.apache.derby.engine/org.apache.derby.iapi.jdbc.InternalDriver$1.run(InternalDriver.java:656)
	at java.base/java.security.AccessController.doPrivileged(AccessController.java:569)
	at org.apache.derby.engine/org.apache.derby.iapi.jdbc.InternalDriver.getNewEmbedConnection(InternalDriver.java:654)
	at org.apache.derby.engine/org.apache.derby.iapi.jdbc.InternalDriver.connect(InternalDriver.java:300)
	at org.apache.derby.engine/org.apache.derby.iapi.jdbc.InternalDriver.connect(InternalDriver.java:967)
	at org.apache.derby.engine/org.apache.derby.iapi.jdbc.AutoloadedDriver.connect(AutoloadedDriver.java:136)
	at java.sql/java.sql.DriverManager.getConnection(DriverManager.java:681)
	at java.sql/java.sql.DriverManager.getConnection(DriverManager.java:190)
	at pd1_stankevics_27.Interface.connectToDatabase(Interface.java:96)
	at pd1_stankevics_27.Interface.<init>(Interface.java:32)
	at pd1_stankevics_27.PD1_Stankevics_27.lambda$main$0(PD1_Stankevics_27.java:6)
	at java.desktop/java.awt.event.InvocationEvent.dispatch(InvocationEvent.java:318)
	at java.desktop/java.awt.EventQueue.dispatchEventImpl(EventQueue.java:771)
	at java.desktop/java.awt.EventQueue$4.run(EventQueue.java:722)
	at java.desktop/java.awt.EventQueue$4.run(EventQueue.java:716)
	at java.base/java.security.AccessController.doPrivileged(AccessController.java:399)
	at java.base/java.security.ProtectionDomain$JavaSecurityAccessImpl.doIntersectionPrivilege(ProtectionDomain.java:86)
	at java.desktop/java.awt.EventQueue.dispatchEvent(EventQueue.java:741)
	at java.desktop/java.awt.EventDispatchThread.pumpOneEventForFilters(EventDispatchThread.java:203)
	at java.desktop/java.awt.EventDispatchThread.pumpEventsForFilter(EventDispatchThread.java:124)
	at java.desktop/java.awt.EventDispatchThread.pumpEventsForHierarchy(EventDispatchThread.java:113)
	at java.desktop/java.awt.EventDispatchThread.pumpEvents(EventDispatchThread.java:109)
	at java.desktop/java.awt.EventDispatchThread.pumpEvents(EventDispatchThread.java:101)
	at java.desktop/java.awt.EventDispatchThread.run(EventDispatchThread.java:90)
Caused by: ERROR XJ041: Failed to create database 'QuizDB', see the next exception for details.
	at org.apache.derby.commons/org.apache.derby.shared.common.error.StandardException.newException(StandardException.java:300)
	at org.apache.derby.engine/org.apache.derby.impl.jdbc.SQLExceptionFactory.wrapArgsForTransportAcrossDRDA(SQLExceptionFactory.java:170)
	at org.apache.derby.engine/org.apache.derby.impl.jdbc.SQLExceptionFactory.getSQLException(SQLExceptionFactory.java:75)
	... 29 more
Caused by: ERROR XBM0J: Directory C:\Users\User.B-23-103-24\Downloads\PD1_Stankevics_27\QuizDB already exists.
	at org.apache.derby.commons/org.apache.derby.shared.common.error.StandardException.newException(StandardException.java:300)
	at org.apache.derby.commons/org.apache.derby.shared.common.error.StandardException.newException(StandardException.java:295)
	at org.apache.derby.engine/org.apache.derby.impl.services.monitor.StorageFactoryService$10.run(StorageFactoryService.java:822)
	at java.base/java.security.AccessController.doPrivileged(AccessController.java:569)
	at org.apache.derby.engine/org.apache.derby.impl.services.monitor.StorageFactoryService.createServiceRoot(StorageFactoryService.java:798)
	at org.apache.derby.engine/org.apache.derby.impl.services.monitor.BaseMonitor.bootService(BaseMonitor.java:1754)
	at org.apache.derby.engine/org.apache.derby.impl.services.monitor.BaseMonitor.createPersistentService(BaseMonitor.java:1022)
	at org.apache.derby.engine/org.apache.derby.impl.services.monitor.FileMonitor.createPersistentService(FileMonitor.java:48)
	at org.apache.derby.engine/org.apache.derby.iapi.services.monitor.Monitor.createPersistentService(Monitor.java:650)
	at org.apache.derby.engine/org.apache.derby.impl.jdbc.EmbedConnection$5.run(EmbedConnection.java:4067)
	at java.base/java.security.AccessController.doPrivileged(AccessController.java:569)
	at org.apache.derby.engine/org.apache.derby.impl.jdbc.EmbedConnection.createPersistentService(EmbedConnection.java:4061)
	at org.apache.derby.engine/org.apache.derby.impl.jdbc.EmbedConnection.createDatabase(EmbedConnection.java:2654)
	... 26 more
============= begin nested exception, level (1) ===========
java.sql.SQLException: Directory C:\Users\User.B-23-103-24\Downloads\PD1_Stankevics_27\QuizDB already exists.
	at org.apache.derby.engine/org.apache.derby.impl.jdbc.SQLExceptionFactory.getSQLException(SQLExceptionFactory.java:115)
	at org.apache.derby.engine/org.apache.derby.impl.jdbc.Util.generateCsSQLException(Util.java:230)
	at org.apache.derby.engine/org.apache.derby.impl.jdbc.TransactionResourceImpl.wrapInSQLException(TransactionResourceImpl.java:431)
	at org.apache.derby.engine/org.apache.derby.impl.jdbc.TransactionResourceImpl.handleException(TransactionResourceImpl.java:360)
	at org.apache.derby.engine/org.apache.derby.impl.jdbc.EmbedConnection.handleException(EmbedConnection.java:2405)
	at org.apache.derby.engine/org.apache.derby.impl.jdbc.EmbedConnection.createDatabase(EmbedConnection.java:2662)
	at org.apache.derby.engine/org.apache.derby.impl.jdbc.EmbedConnection.<init>(EmbedConnection.java:435)
	at org.apache.derby.engine/org.apache.derby.iapi.jdbc.InternalDriver$1.run(InternalDriver.java:660)
	at org.apache.derby.engine/org.apache.derby.iapi.jdbc.InternalDriver$1.run(InternalDriver.java:656)
	at java.base/java.security.AccessController.doPrivileged(AccessController.java:569)
	at org.apache.derby.engine/org.apache.derby.iapi.jdbc.InternalDriver.getNewEmbedConnection(InternalDriver.java:654)
	at org.apache.derby.engine/org.apache.derby.iapi.jdbc.InternalDriver.connect(InternalDriver.java:300)
	at org.apache.derby.engine/org.apache.derby.iapi.jdbc.InternalDriver.connect(InternalDriver.java:967)
	at org.apache.derby.engine/org.apache.derby.iapi.jdbc.AutoloadedDriver.connect(AutoloadedDriver.java:136)
	at java.sql/java.sql.DriverManager.getConnection(DriverManager.java:681)
	at java.sql/java.sql.DriverManager.getConnection(DriverManager.java:190)
	at pd1_stankevics_27.Interface.connectToDatabase(Interface.java:96)
	at pd1_stankevics_27.Interface.<init>(Interface.java:32)
	at pd1_stankevics_27.PD1_Stankevics_27.lambda$main$0(PD1_Stankevics_27.java:6)
	at java.desktop/java.awt.event.InvocationEvent.dispatch(InvocationEvent.java:318)
	at java.desktop/java.awt.EventQueue.dispatchEventImpl(EventQueue.java:771)
	at java.desktop/java.awt.EventQueue$4.run(EventQueue.java:722)
	at java.desktop/java.awt.EventQueue$4.run(EventQueue.java:716)
	at java.base/java.security.AccessController.doPrivileged(AccessController.java:399)
	at java.base/java.security.ProtectionDomain$JavaSecurityAccessImpl.doIntersectionPrivilege(ProtectionDomain.java:86)
	at java.desktop/java.awt.EventQueue.dispatchEvent(EventQueue.java:741)
	at java.desktop/java.awt.EventDispatchThread.pumpOneEventForFilters(EventDispatchThread.java:203)
	at java.desktop/java.awt.EventDispatchThread.pumpEventsForFilter(EventDispatchThread.java:124)
	at java.desktop/java.awt.EventDispatchThread.pumpEventsForHierarchy(EventDispatchThread.java:113)
	at java.desktop/java.awt.EventDispatchThread.pumpEvents(EventDispatchThread.java:109)
	at java.desktop/java.awt.EventDispatchThread.pumpEvents(EventDispatchThread.java:101)
	at java.desktop/java.awt.EventDispatchThread.run(EventDispatchThread.java:90)
Caused by: ERROR XBM0J: Directory C:\Users\User.B-23-103-24\Downloads\PD1_Stankevics_27\QuizDB already exists.
	at org.apache.derby.commons/org.apache.derby.shared.common.error.StandardException.newException(StandardException.java:300)
	at org.apache.derby.commons/org.apache.derby.shared.common.error.StandardException.newException(StandardException.java:295)
	at org.apache.derby.engine/org.apache.derby.impl.services.monitor.StorageFactoryService$10.run(StorageFactoryService.java:822)
	at java.base/java.security.AccessController.doPrivileged(AccessController.java:569)
	at org.apache.derby.engine/org.apache.derby.impl.services.monitor.StorageFactoryService.createServiceRoot(StorageFactoryService.java:798)
	at org.apache.derby.engine/org.apache.derby.impl.services.monitor.BaseMonitor.bootService(BaseMonitor.java:1754)
	at org.apache.derby.engine/org.apache.derby.impl.services.monitor.BaseMonitor.createPersistentService(BaseMonitor.java:1022)
	at org.apache.derby.engine/org.apache.derby.impl.services.monitor.FileMonitor.createPersistentService(FileMonitor.java:48)
	at org.apache.derby.engine/org.apache.derby.iapi.services.monitor.Monitor.createPersistentService(Monitor.java:650)
	at org.apache.derby.engine/org.apache.derby.impl.jdbc.EmbedConnection$5.run(EmbedConnection.java:4067)
	at java.base/java.security.AccessController.doPrivileged(AccessController.java:569)
	at org.apache.derby.engine/org.apache.derby.impl.jdbc.EmbedConnection.createPersistentService(EmbedConnection.java:4061)
	at org.apache.derby.engine/org.apache.derby.impl.jdbc.EmbedConnection.createDatabase(EmbedConnection.java:2654)
	... 26 more
============= end nested exception, level (1) ===========
============= begin nested exception, level (2) ===========
ERROR XBM0J: Directory C:\Users\User.B-23-103-24\Downloads\PD1_Stankevics_27\QuizDB already exists.
	at org.apache.derby.commons/org.apache.derby.shared.common.error.StandardException.newException(StandardException.java:300)
	at org.apache.derby.commons/org.apache.derby.shared.common.error.StandardException.newException(StandardException.java:295)
	at org.apache.derby.engine/org.apache.derby.impl.services.monitor.StorageFactoryService$10.run(StorageFactoryService.java:822)
	at java.base/java.security.AccessController.doPrivileged(AccessController.java:569)
	at org.apache.derby.engine/org.apache.derby.impl.services.monitor.StorageFactoryService.createServiceRoot(StorageFactoryService.java:798)
	at org.apache.derby.engine/org.apache.derby.impl.services.monitor.BaseMonitor.bootService(BaseMonitor.java:1754)
	at org.apache.derby.engine/org.apache.derby.impl.services.monitor.BaseMonitor.createPersistentService(BaseMonitor.java:1022)
	at org.apache.derby.engine/org.apache.derby.impl.services.monitor.FileMonitor.createPersistentService(FileMonitor.java:48)
	at org.apache.derby.engine/org.apache.derby.iapi.services.monitor.Monitor.createPersistentService(Monitor.java:650)
	at org.apache.derby.engine/org.apache.derby.impl.jdbc.EmbedConnection$5.run(EmbedConnection.java:4067)
	at java.base/java.security.AccessController.doPrivileged(AccessController.java:569)
	at org.apache.derby.engine/org.apache.derby.impl.jdbc.EmbedConnection.createPersistentService(EmbedConnection.java:4061)
	at org.apache.derby.engine/org.apache.derby.impl.jdbc.EmbedConnection.createDatabase(EmbedConnection.java:2654)
	at org.apache.derby.engine/org.apache.derby.impl.jdbc.EmbedConnection.<init>(EmbedConnection.java:435)
	at org.apache.derby.engine/org.apache.derby.iapi.jdbc.InternalDriver$1.run(InternalDriver.java:660)
	at org.apache.derby.engine/org.apache.derby.iapi.jdbc.InternalDriver$1.run(InternalDriver.java:656)
	at java.base/java.security.AccessController.doPrivileged(AccessController.java:569)
	at org.apache.derby.engine/org.apache.derby.iapi.jdbc.InternalDriver.getNewEmbedConnection(InternalDriver.java:654)
	at org.apache.derby.engine/org.apache.derby.iapi.jdbc.InternalDriver.connect(InternalDriver.java:300)
	at org.apache.derby.engine/org.apache.derby.iapi.jdbc.InternalDriver.connect(InternalDriver.java:967)
	at org.apache.derby.engine/org.apache.derby.iapi.jdbc.AutoloadedDriver.connect(AutoloadedDriver.java:136)
	at java.sql/java.sql.DriverManager.getConnection(DriverManager.java:681)
	at java.sql/java.sql.DriverManager.getConnection(DriverManager.java:190)
	at pd1_stankevics_27.Interface.connectToDatabase(Interface.java:96)
	at pd1_stankevics_27.Interface.<init>(Interface.java:32)
	at pd1_stankevics_27.PD1_Stankevics_27.lambda$main$0(PD1_Stankevics_27.java:6)
	at java.desktop/java.awt.event.InvocationEvent.dispatch(InvocationEvent.java:318)
	at java.desktop/java.awt.EventQueue.dispatchEventImpl(EventQueue.java:771)
	at java.desktop/java.awt.EventQueue$4.run(EventQueue.java:722)
	at java.desktop/java.awt.EventQueue$4.run(EventQueue.java:716)
	at java.base/java.security.AccessController.doPrivileged(AccessController.java:399)
	at java.base/java.security.ProtectionDomain$JavaSecurityAccessImpl.doIntersectionPrivilege(ProtectionDomain.java:86)
	at java.desktop/java.awt.EventQueue.dispatchEvent(EventQueue.java:741)
	at java.desktop/java.awt.EventDispatchThread.pumpOneEventForFilters(EventDispatchThread.java:203)
	at java.desktop/java.awt.EventDispatchThread.pumpEventsForFilter(EventDispatchThread.java:124)
	at java.desktop/java.awt.EventDispatchThread.pumpEventsForHierarchy(EventDispatchThread.java:113)
	at java.desktop/java.awt.EventDispatchThread.pumpEvents(EventDispatchThread.java:109)
	at java.desktop/java.awt.EventDispatchThread.pumpEvents(EventDispatchThread.java:101)
	at java.desktop/java.awt.EventDispatchThread.run(EventDispatchThread.java:90)
============= end nested exception, level (2) ===========
Cleanup action completed
